Using pre-set license
Built from '2020.3/release' branch; Version is '2020.3.1f1 (77a89f25062f) revision 7841951'; Using compiler version '192528614'; Build Type 'Release'
OS: 'Windows 10 Home Single Language; OS build 19041.867; Version 2004; 64bit' Language: 'en' Physical Memory: 8048 MB
BatchMode: 1, IsHumanControllingUs: 0, StartBugReporterOnCrash: 0, Is64bit: 1, IsPro: 0

 COMMAND LINE ARGUMENTS:
C:\Program Files\Unity\Hub\Editor\2020.3.1f1\Editor\Unity.exe
-adb2
-batchMode
-noUpm
-name
AssetImportWorker0
-projectPath
D:/Unity Demo/Flappy Bird
-logFile
Logs/AssetImportWorker0.log
-srvPort
49855
Successfully changed project path to: D:/Unity Demo/Flappy Bird
D:/Unity Demo/Flappy Bird
Using Asset Import Pipeline V2.
Refreshing native plugins compatible for Editor in 43.03 ms, found 1 plugins.
Preloading 0 native plugins for Editor in 0.00 ms.
Initialize engine version: 2020.3.1f1 (77a89f25062f)
[Subsystems] Discovering subsystems at path C:/Program Files/Unity/Hub/Editor/2020.3.1f1/Editor/Data/Resources/UnitySubsystems
[Subsystems] Discovering subsystems at path D:/Unity Demo/Flappy Bird/Assets
GfxDevice: creating device client; threaded=0
Direct3D:
    Version:  Direct3D 11.0 [level 11.1]
    Renderer: NVIDIA GeForce GTX 1050 (ID=0x1c8d)
    Vendor:   
    VRAM:     1979 MB
    Driver:   27.21.14.5655
Initialize mono
Mono path[0] = 'C:/Program Files/Unity/Hub/Editor/2020.3.1f1/Editor/Data/Managed'
Mono path[1] = 'C:/Program Files/Unity/Hub/Editor/2020.3.1f1/Editor/Data/MonoBleedingEdge/lib/mono/unityjit'
Mono config path = 'C:/Program Files/Unity/Hub/Editor/2020.3.1f1/Editor/Data/MonoBleedingEdge/etc'
Using monoOptions --debugger-agent=transport=dt_socket,embedding=1,server=y,suspend=n,address=127.0.0.1:56048
Begin MonoManager ReloadAssembly
Registering precompiled unity dll's ...
Register platform support module: C:/Program Files/Unity/Hub/Editor/2020.3.1f1/Editor/Data/PlaybackEngines/WindowsStandaloneSupport/UnityEditor.WindowsStandalone.Extensions.dll
Registered in 0.001886 seconds.
Native extension for WindowsStandalone target not found
Refreshing native plugins compatible for Editor in 32.57 ms, found 1 plugins.
Preloading 0 native plugins for Editor in 0.00 ms.
Invoked RoslynAnalysisRunner static constructor.
RoslynAnalysisRunner will not be running.
RoslynAnalysisRunner has terminated.
Mono: successfully reloaded assembly
- Completed reload, in  1.069 seconds
Platform modules already initialized, skipping
Registering precompiled user dll's ...
Registered in 0.000624 seconds.
Begin MonoManager ReloadAssembly
Native extension for WindowsStandalone target not found
Refreshing native plugins compatible for Editor in 36.59 ms, found 1 plugins.
Preloading 0 native plugins for Editor in 0.00 ms.
Invoked RoslynAnalysisRunner static constructor.
RoslynAnalysisRunner will not be running.
RoslynAnalysisRunner has terminated.
Mono: successfully reloaded assembly
- Completed reload, in  0.946 seconds
Platform modules already initialized, skipping
========================================================================
Worker process is ready to serve import requests
Launched and connected shader compiler UnityShaderCompiler.exe after 0.05 seconds
Refreshing native plugins compatible for Editor in 0.34 ms, found 1 plugins.
Preloading 0 native plugins for Editor in 0.00 ms.
Unloading 1812 Unused Serialized files (Serialized files now loaded: 0)
System memory in use before: 84.8 MB.
System memory in use after: 84.7 MB.

Unloading 24 unused Assets to reduce memory usage. Loaded Objects now: 2256.
Total: 2.255200 ms (FindLiveObjects: 0.284400 ms CreateObjectMapping: 0.084700 ms MarkObjects: 1.756300 ms  DeleteObjects: 0.127900 ms)

========================================================================
Received Import Request.
  path: Assets/Scripts/PipeGroup.cs
  artifactKey: Guid(cbf39ce81b75e434ca1fbe4b7e4caefb) Importer(815301076,1909f56bfc062723c751e8b465ee728b)
Start importing Assets/Scripts/PipeGroup.cs using Guid(cbf39ce81b75e434ca1fbe4b7e4caefb) Importer(815301076,1909f56bfc062723c751e8b465ee728b)  -> (artifact id: '85e08924b9a26f56b3ff1ed90617face') in 0.040888 seconds
  Import took 0.069545 seconds .

========================================================================
Received Import Request.
  Time since last request: 305.424516 seconds.
  path: Assets/Scripts/GameManager.cs
  artifactKey: Guid(bac0d25fe37bccc42931c6999e15e247) Importer(815301076,1909f56bfc062723c751e8b465ee728b)
Start importing Assets/Scripts/GameManager.cs using Guid(bac0d25fe37bccc42931c6999e15e247) Importer(815301076,1909f56bfc062723c751e8b465ee728b)  -> (artifact id: '5de2e7a18194c874bf216301ecf74ac8') in 0.007490 seconds
  Import took 0.049104 seconds .

========================================================================
Received Import Request.
  Time since last request: 43.419876 seconds.
  path: Assets/Scripts/ScoreUpdater.cs
  artifactKey: Guid(50ec40ade0748bb48b5014aa6f21aaf4) Importer(815301076,1909f56bfc062723c751e8b465ee728b)
Start importing Assets/Scripts/ScoreUpdater.cs using Guid(50ec40ade0748bb48b5014aa6f21aaf4) Importer(815301076,1909f56bfc062723c751e8b465ee728b)  -> (artifact id: '315f3bacf4f95b8d4aaba4261b623177') in 0.014325 seconds
  Import took 0.124704 seconds .

AssetImportWorkerClient::OnTransportError - code=2 error=End of file
